# JRE version: Java(TM) SE Runtime Environment (8.0_271-b09) (build 1.8.0_271-b09)
# Java VM: Java HotSpot(TM) 64-Bit Server VM (25.271-b09 mixed mode windows-amd64 compressed oops)
Heap:
 PSYoungGen      total 637952K, used 524273K [0x00000000d6200000, 0x0000000100000000, 0x0000000100000000)
  eden space 603136K, 81% used [0x00000000d6200000,0x00000000f4061538,0x00000000faf00000)
  from space 34816K, 98% used [0x00000000faf00000,0x00000000fd09b0a0,0x00000000fd100000)
  to   space 46592K, 0% used [0x00000000fd280000,0x00000000fd280000,0x0000000100000000)
 ParOldGen       total 168960K, used 137676K [0x0000000082600000, 0x000000008cb00000, 0x00000000d6200000)
  object space 168960K, 81% used [0x0000000082600000,0x000000008ac730d8,0x000000008cb00000)
 Metaspace       used 60018K, capacity 62941K, committed 63144K, reserved 1103872K
  class space    used 7237K, capacity 8300K, committed 8360K, reserved 1048576K
GC Heap History (10 events):
Event: 22.232 GC heap before
{Heap before GC invocations=32 (full 2):
 PSYoungGen      total 671232K, used 656768K [0x00000000d6200000, 0x00000000fff80000, 0x0000000100000000)
  eden space 656384K, 100% used [0x00000000d6200000,0x00000000fe300000,0x00000000fe300000)
  from space 14848K, 2% used [0x00000000fe300000,0x00000000fe360000,0x00000000ff180000)
  to   space 14336K, 0% used [0x00000000ff180000,0x00000000ff180000,0x00000000fff80000)
 ParOldGen       total 83456K, used 64173K [0x0000000082600000, 0x0000000087780000, 0x00000000d6200000)
  object space 83456K, 76% used [0x0000000082600000,0x00000000864ab6c0,0x0000000087780000)
 Metaspace       used 43082K, capacity 45566K, committed 45736K, reserved 1089536K
  class space    used 5257K, capacity 6254K, committed 6312K, reserved 1048576K
Event: 22.234 GC heap after
Heap after GC invocations=32 (full 2):
 PSYoungGen      total 671232K, used 384K [0x00000000d6200000, 0x00000000fff80000, 0x0000000100000000)
  eden space 656896K, 0% used [0x00000000d6200000,0x00000000d6200000,0x00000000fe380000)
  from space 14336K, 2% used [0x00000000ff180000,0x00000000ff1e0000,0x00000000fff80000)
  to   space 14336K, 0% used [0x00000000fe380000,0x00000000fe380000,0x00000000ff180000)
 ParOldGen       total 83456K, used 64197K [0x0000000082600000, 0x0000000087780000, 0x00000000d6200000)
  object space 83456K, 76% used [0x0000000082600000,0x00000000864b16c0,0x0000000087780000)
 Metaspace       used 43082K, capacity 45566K, committed 45736K, reserved 1089536K
  class space    used 5257K, capacity 6254K, committed 6312K, reserved 1048576K
}
Event: 24.593 GC heap before
{Heap before GC invocations=33 (full 2):
 PSYoungGen      total 671232K, used 657280K [0x00000000d6200000, 0x00000000fff80000, 0x0000000100000000)
  eden space 656896K, 100% used [0x00000000d6200000,0x00000000fe380000,0x00000000fe380000)
  from space 14336K, 2% used [0x00000000ff180000,0x00000000ff1e0000,0x00000000fff80000)
  to   space 14336K, 0% used [0x00000000fe380000,0x00000000fe380000,0x00000000ff180000)
 ParOldGen       total 83456K, used 64197K [0x0000000082600000, 0x0000000087780000, 0x00000000d6200000)
  object space 83456K, 76% used [0x0000000082600000,0x00000000864b16c0,0x0000000087780000)
 Metaspace       used 45225K, capacity 47584K, committed 47784K, reserved 1091584K
  class space    used 5499K, capacity 6489K, committed 6568K, reserved 1048576K
Event: 24.612 GC heap after
Heap after GC invocations=33 (full 2):
 PSYoungGen      total 671232K, used 14304K [0x00000000d6200000, 0x0000000100000000, 0x0000000100000000)
  eden space 656896K, 0% used [0x00000000d6200000,0x00000000d6200000,0x00000000fe380000)
  from space 14336K, 99% used [0x00000000fe380000,0x00000000ff178010,0x00000000ff180000)
  to   space 14848K, 0% used [0x00000000ff180000,0x00000000ff180000,0x0000000100000000)
 ParOldGen       total 88064K, used 87907K [0x0000000082600000, 0x0000000087c00000, 0x00000000d6200000)
  object space 88064K, 99% used [0x0000000082600000,0x0000000087bd8f90,0x0000000087c00000)
 Metaspace       used 45225K, capacity 47584K, committed 47784K, reserved 1091584K
  class space    used 5499K, capacity 6489K, committed 6568K, reserved 1048576K
}
Event: 24.612 GC heap before
{Heap before GC invocations=34 (full 3):
 PSYoungGen      total 671232K, used 14304K [0x00000000d6200000, 0x0000000100000000, 0x0000000100000000)
  eden space 656896K, 0% used [0x00000000d6200000,0x00000000d6200000,0x00000000fe380000)
  from space 14336K, 99% used [0x00000000fe380000,0x00000000ff178010,0x00000000ff180000)
  to   space 14848K, 0% used [0x00000000ff180000,0x00000000ff180000,0x0000000100000000)
 ParOldGen       total 88064K, used 87907K [0x0000000082600000, 0x0000000087c00000, 0x00000000d6200000)
  object space 88064K, 99% used [0x0000000082600000,0x0000000087bd8f90,0x0000000087c00000)
 Metaspace       used 45225K, capacity 47584K, committed 47784K, reserved 1091584K
  class space    used 5499K, capacity 6489K, committed 6568K, reserved 1048576K
Event: 24.819 GC heap after
Heap after GC invocations=34 (full 3):
 PSYoungGen      total 671232K, used 0K [0x00000000d6200000, 0x0000000100000000, 0x0000000100000000)
  eden space 656896K, 0% used [0x00000000d6200000,0x00000000d6200000,0x00000000fe380000)
  from space 14336K, 0% used [0x00000000fe380000,0x00000000fe380000,0x00000000ff180000)
  to   space 14848K, 0% used [0x00000000ff180000,0x00000000ff180000,0x0000000100000000)
 ParOldGen       total 168960K, used 83463K [0x0000000082600000, 0x000000008cb00000, 0x00000000d6200000)
  object space 168960K, 49% used [0x0000000082600000,0x0000000087781ef0,0x000000008cb00000)
 Metaspace       used 45225K, capacity 47584K, committed 47784K, reserved 1091584K
  class space    used 5499K, capacity 6489K, committed 6568K, reserved 1048576K
}
Event: 40.963 GC heap before
{Heap before GC invocations=35 (full 3):
 PSYoungGen      total 671232K, used 656896K [0x00000000d6200000, 0x0000000100000000, 0x0000000100000000)
  eden space 656896K, 100% used [0x00000000d6200000,0x00000000fe380000,0x00000000fe380000)
  from space 14336K, 0% used [0x00000000fe380000,0x00000000fe380000,0x00000000ff180000)
  to   space 14848K, 0% used [0x00000000ff180000,0x00000000ff180000,0x0000000100000000)
 ParOldGen       total 168960K, used 83463K [0x0000000082600000, 0x000000008cb00000, 0x00000000d6200000)
  object space 168960K, 49% used [0x0000000082600000,0x0000000087781ef0,0x000000008cb00000)
 Metaspace       used 59012K, capacity 61851K, committed 62120K, reserved 1103872K
  class space    used 7169K, capacity 8249K, committed 8360K, reserved 1048576K
Event: 41.019 GC heap after
Heap after GC invocations=35 (full 3):
 PSYoungGen      total 617984K, used 14842K [0x00000000d6200000, 0x0000000100000000, 0x0000000100000000)
  eden space 603136K, 0% used [0x00000000d6200000,0x00000000d6200000,0x00000000faf00000)
  from space 14848K, 99% used [0x00000000ff180000,0x00000000ffffe8f0,0x0000000100000000)
  to   space 41472K, 0% used [0x00000000faf00000,0x00000000faf00000,0x00000000fd780000)
 ParOldGen       total 168960K, used 122833K [0x0000000082600000, 0x000000008cb00000, 0x00000000d6200000)
  object space 168960K, 72% used [0x0000000082600000,0x0000000089df47e8,0x000000008cb00000)
 Metaspace       used 59012K, capacity 61851K, committed 62120K, reserved 1103872K
  class space    used 7169K, capacity 8249K, committed 8360K, reserved 1048576K
}
Event: 45.935 GC heap before
{Heap before GC invocations=36 (full 3):
 PSYoungGen      total 617984K, used 617978K [0x00000000d6200000, 0x0000000100000000, 0x0000000100000000)
  eden space 603136K, 100% used [0x00000000d6200000,0x00000000faf00000,0x00000000faf00000)
  from space 14848K, 99% used [0x00000000ff180000,0x00000000ffffe8f0,0x0000000100000000)
  to   space 41472K, 0% used [0x00000000faf00000,0x00000000faf00000,0x00000000fd780000)
 ParOldGen       total 168960K, used 122833K [0x0000000082600000, 0x000000008cb00000, 0x00000000d6200000)
  object space 168960K, 72% used [0x0000000082600000,0x0000000089df47e8,0x000000008cb00000)
 Metaspace       used 59537K, capacity 62485K, committed 62632K, reserved 1103872K
  class space    used 7213K, capacity 8296K, committed 8360K, reserved 1048576K
Event: 45.959 GC heap after
Heap after GC invocations=36 (full 3):
 PSYoungGen      total 637952K, used 34412K [0x00000000d6200000, 0x0000000100000000, 0x0000000100000000)
  eden space 603136K, 0% used [0x00000000d6200000,0x00000000d6200000,0x00000000faf00000)
  from space 34816K, 98% used [0x00000000faf00000,0x00000000fd09b0a0,0x00000000fd100000)
  to   space 46592K, 0% used [0x00000000fd280000,0x00000000fd280000,0x0000000100000000)
 ParOldGen       total 168960K, used 137676K [0x0000000082600000, 0x000000008cb00000, 0x00000000d6200000)
  object space 168960K, 81% used [0x0000000082600000,0x000000008ac730d8,0x000000008cb00000)
 Metaspace       used 59537K, capacity 62485K, committed 62632K, reserved 1103872K
  class space    used 7213K, capacity 8296K, committed 8360K, reserved 1048576K
}

